c:\users\user\documents\visual studio 2017\projects\bookstore\x64\release\bookstore.ipdb
c:\users\user\documents\visual studio 2017\projects\bookstore\x64\release\bookstore.iobj
c:\users\user\documents\visual studio 2017\projects\bookstore\bookstore\x64\release\vc141.pdb
c:\users\user\documents\visual studio 2017\projects\bookstore\bookstore\x64\release\vendor.obj
c:\users\user\documents\visual studio 2017\projects\bookstore\bookstore\x64\release\seller.obj
c:\users\user\documents\visual studio 2017\projects\bookstore\bookstore\x64\release\sale.obj
c:\users\user\documents\visual studio 2017\projects\bookstore\bookstore\x64\release\reservation.obj
c:\users\user\documents\visual studio 2017\projects\bookstore\bookstore\x64\release\menu.obj
c:\users\user\documents\visual studio 2017\projects\bookstore\bookstore\x64\release\main.obj
c:\users\user\documents\visual studio 2017\projects\bookstore\bookstore\x64\release\database.obj
c:\users\user\documents\visual studio 2017\projects\bookstore\bookstore\x64\release\customer.obj
c:\users\user\documents\visual studio 2017\projects\bookstore\bookstore\x64\release\book.obj
c:\users\user\documents\visual studio 2017\projects\bookstore\x64\release\bookstore.exe
c:\users\user\documents\visual studio 2017\projects\bookstore\x64\release\bookstore.pdb
c:\users\user\documents\visual studio 2017\projects\bookstore\bookstore\x64\release\bookstore.tlog\bookstore.write.1u.tlog
c:\users\user\documents\visual studio 2017\projects\bookstore\bookstore\x64\release\bookstore.tlog\cl.command.1.tlog
c:\users\user\documents\visual studio 2017\projects\bookstore\bookstore\x64\release\bookstore.tlog\cl.read.1.tlog
c:\users\user\documents\visual studio 2017\projects\bookstore\bookstore\x64\release\bookstore.tlog\cl.write.1.tlog
c:\users\user\documents\visual studio 2017\projects\bookstore\bookstore\x64\release\bookstore.tlog\link.command.1.tlog
c:\users\user\documents\visual studio 2017\projects\bookstore\bookstore\x64\release\bookstore.tlog\link.read.1.tlog
c:\users\user\documents\visual studio 2017\projects\bookstore\bookstore\x64\release\bookstore.tlog\link.write.1.tlog
