  Customer.cpp
c:\users\user\documents\visual studio 2017\projects\bookstore\bookstore\customer.cpp(30): warning C4244: 'initializing': conversion from 'int64_t' to 'long', possible loss of data
c:\users\user\documents\visual studio 2017\projects\bookstore\bookstore\customer.cpp(31): warning C4244: 'initializing': conversion from 'long double' to 'float', possible loss of data
  Date.cpp
c:\users\user\documents\visual studio 2017\projects\bookstore\bookstore\date.cpp(74): warning C4996: 'strtok': This function or variable may be unsafe. Consider using strtok_s instead. To disable deprecation, use _CRT_SECURE_NO_WARNINGS. See online help for details.
  c:\program files (x86)\windows kits\10\include\10.0.17134.0\ucrt\string.h(440): note: see declaration of 'strtok'
c:\users\user\documents\visual studio 2017\projects\bookstore\bookstore\date.cpp(76): warning C4996: 'strtok': This function or variable may be unsafe. Consider using strtok_s instead. To disable deprecation, use _CRT_SECURE_NO_WARNINGS. See online help for details.
  c:\program files (x86)\windows kits\10\include\10.0.17134.0\ucrt\string.h(440): note: see declaration of 'strtok'
c:\users\user\documents\visual studio 2017\projects\bookstore\bookstore\date.cpp(78): warning C4996: 'strtok': This function or variable may be unsafe. Consider using strtok_s instead. To disable deprecation, use _CRT_SECURE_NO_WARNINGS. See online help for details.
  c:\program files (x86)\windows kits\10\include\10.0.17134.0\ucrt\string.h(440): note: see declaration of 'strtok'
  main.cpp
c:\users\user\documents\visual studio 2017\projects\bookstore\bookstore\book.h(54): warning C4244: 'initializing': conversion from 'long double' to 'float', possible loss of data
c:\users\user\documents\visual studio 2017\projects\bookstore\bookstore\book.h(55): warning C4244: 'initializing': conversion from 'long double' to 'float', possible loss of data
c:\users\user\documents\visual studio 2017\projects\bookstore\bookstore\book.h(83): warning C4244: 'initializing': conversion from 'long double' to 'float', possible loss of data
c:\users\user\documents\visual studio 2017\projects\bookstore\bookstore\book.h(84): warning C4244: 'initializing': conversion from 'long double' to 'float', possible loss of data
  Generating code
  4 of 256 functions ( 1.6%) were compiled, the rest were copied from previous compilation.
    2 functions were new in current compilation
    20 functions had inline decision re-evaluated but remain unchanged
  Finished generating code
  Bookstore.vcxproj -> C:\Users\user\Documents\Visual Studio 2017\Projects\BookStore\x64\Release\Bookstore.exe
